# JRE version: OpenJDK Runtime Environment Temurin-17.0.6+10 (17.0.6+10) (build 17.0.6+10)
# Java VM: OpenJDK 64-Bit Server VM Temurin-17.0.6+10 (17.0.6+10, mixed mode, tiered, compressed oops, compressed class ptrs, parallel gc, windows-amd64)
GC Precious Log:
 CPUs: 4 total, 4 available
 Memory: 8071M
 Large Page Support: Disabled
 NUMA Support: Disabled
 Compressed Oops: Enabled (32-bit)
 Alignments: Space 512K, Generation 512K, Heap 2M
 Heap Min Capacity: 100M
 Heap Initial Capacity: 100M
 Heap Max Capacity: 1G
 Pre-touch: Disabled
 Parallel Workers: 4
Heap:
 PSYoungGen      total 12800K, used 12358K [0x00000000eab00000, 0x00000000eb980000, 0x0000000100000000)
  eden space 11264K, 97% used [0x00000000eab00000,0x00000000eb5c1a20,0x00000000eb600000)
  from space 1536K, 87% used [0x00000000eb700000,0x00000000eb850000,0x00000000eb880000)
  to   space 1024K, 0% used [0x00000000eb880000,0x00000000eb880000,0x00000000eb980000)
 ParOldGen       total 105984K, used 82337K [0x00000000c0000000, 0x00000000c6780000, 0x00000000eab00000)
  object space 105984K, 77% used [0x00000000c0000000,0x00000000c50686f8,0x00000000c6780000)
 Metaspace       used 66823K, committed 67968K, reserved 1114112K
  class space    used 7019K, committed 7488K, reserved 1048576K
GC Heap History (20 events):
Event: 47.098 GC heap before
{Heap before GC invocations=41 (full 4):
 PSYoungGen      total 17920K, used 17744K [0x00000000eab00000, 0x00000000ec400000, 0x0000000100000000)
  eden space 11264K, 100% used [0x00000000eab00000,0x00000000eb600000,0x00000000eb600000)
  from space 6656K, 97% used [0x00000000eb800000,0x00000000ebe54010,0x00000000ebe80000)
  to   space 5632K, 0% used [0x00000000ebe80000,0x00000000ebe80000,0x00000000ec400000)
 ParOldGen       total 97280K, used 81340K [0x00000000c0000000, 0x00000000c5f00000, 0x00000000eab00000)
  object space 97280K, 83% used [0x00000000c0000000,0x00000000c4f6f2f8,0x00000000c5f00000)
 Metaspace       used 65917K, committed 67136K, reserved 1114112K
  class space    used 6933K, committed 7424K, reserved 1048576K
}
Event: 47.111 GC heap after
{Heap after GC invocations=41 (full 4):
 PSYoungGen      total 14848K, used 3379K [0x00000000eab00000, 0x00000000ec200000, 0x0000000100000000)
  eden space 11264K, 0% used [0x00000000eab00000,0x00000000eab00000,0x00000000eb600000)
  from space 3584K, 94% used [0x00000000ebe80000,0x00000000ec1ccd60,0x00000000ec200000)
  to   space 5120K, 0% used [0x00000000eb800000,0x00000000eb800000,0x00000000ebd00000)
 ParOldGen       total 97280K, used 87766K [0x00000000c0000000, 0x00000000c5f00000, 0x00000000eab00000)
  object space 97280K, 90% used [0x00000000c0000000,0x00000000c55b59c0,0x00000000c5f00000)
 Metaspace       used 65917K, committed 67136K, reserved 1114112K
  class space    used 6933K, committed 7424K, reserved 1048576K
}
Event: 48.504 GC heap before
{Heap before GC invocations=42 (full 4):
 PSYoungGen      total 14848K, used 14643K [0x00000000eab00000, 0x00000000ec200000, 0x0000000100000000)
  eden space 11264K, 100% used [0x00000000eab00000,0x00000000eb600000,0x00000000eb600000)
  from space 3584K, 94% used [0x00000000ebe80000,0x00000000ec1ccd60,0x00000000ec200000)
  to   space 5120K, 0% used [0x00000000eb800000,0x00000000eb800000,0x00000000ebd00000)
 ParOldGen       total 97280K, used 87766K [0x00000000c0000000, 0x00000000c5f00000, 0x00000000eab00000)
  object space 97280K, 90% used [0x00000000c0000000,0x00000000c55b59c0,0x00000000c5f00000)
 Metaspace       used 66329K, committed 67456K, reserved 1114112K
  class space    used 6970K, committed 7424K, reserved 1048576K
}
Event: 48.513 GC heap after
{Heap after GC invocations=42 (full 4):
 PSYoungGen      total 13824K, used 2226K [0x00000000eab00000, 0x00000000ebf00000, 0x0000000100000000)
  eden space 11264K, 0% used [0x00000000eab00000,0x00000000eab00000,0x00000000eb600000)
  from space 2560K, 86% used [0x00000000eb800000,0x00000000eba2cb08,0x00000000eba80000)
  to   space 3072K, 0% used [0x00000000ebc00000,0x00000000ebc00000,0x00000000ebf00000)
 ParOldGen       total 97280K, used 91030K [0x00000000c0000000, 0x00000000c5f00000, 0x00000000eab00000)
  object space 97280K, 93% used [0x00000000c0000000,0x00000000c58e5930,0x00000000c5f00000)
 Metaspace       used 66329K, committed 67456K, reserved 1114112K
  class space    used 6970K, committed 7424K, reserved 1048576K
}
Event: 49.744 GC heap before
{Heap before GC invocations=43 (full 4):
 PSYoungGen      total 13824K, used 13490K [0x00000000eab00000, 0x00000000ebf00000, 0x0000000100000000)
  eden space 11264K, 100% used [0x00000000eab00000,0x00000000eb600000,0x00000000eb600000)
  from space 2560K, 86% used [0x00000000eb800000,0x00000000eba2cb08,0x00000000eba80000)
  to   space 3072K, 0% used [0x00000000ebc00000,0x00000000ebc00000,0x00000000ebf00000)
 ParOldGen       total 97280K, used 91030K [0x00000000c0000000, 0x00000000c5f00000, 0x00000000eab00000)
  object space 97280K, 93% used [0x00000000c0000000,0x00000000c58e5930,0x00000000c5f00000)
 Metaspace       used 66427K, committed 67520K, reserved 1114112K
  class space    used 6970K, committed 7424K, reserved 1048576K
}
Event: 49.756 GC heap after
{Heap after GC invocations=43 (full 4):
 PSYoungGen      total 12800K, used 1489K [0x00000000eab00000, 0x00000000ebd80000, 0x0000000100000000)
  eden space 11264K, 0% used [0x00000000eab00000,0x00000000eab00000,0x00000000eb600000)
  from space 1536K, 96% used [0x00000000ebc00000,0x00000000ebd74620,0x00000000ebd80000)
  to   space 2048K, 0% used [0x00000000eb980000,0x00000000eb980000,0x00000000ebb80000)
 ParOldGen       total 97280K, used 93097K [0x00000000c0000000, 0x00000000c5f00000, 0x00000000eab00000)
  object space 97280K, 95% used [0x00000000c0000000,0x00000000c5aea648,0x00000000c5f00000)
 Metaspace       used 66427K, committed 67520K, reserved 1114112K
  class space    used 6970K, committed 7424K, reserved 1048576K
}
Event: 51.027 GC heap before
{Heap before GC invocations=44 (full 4):
 PSYoungGen      total 12800K, used 12753K [0x00000000eab00000, 0x00000000ebd80000, 0x0000000100000000)
  eden space 11264K, 100% used [0x00000000eab00000,0x00000000eb600000,0x00000000eb600000)
  from space 1536K, 96% used [0x00000000ebc00000,0x00000000ebd74620,0x00000000ebd80000)
  to   space 2048K, 0% used [0x00000000eb980000,0x00000000eb980000,0x00000000ebb80000)
 ParOldGen       total 97280K, used 93574K [0x00000000c0000000, 0x00000000c5f00000, 0x00000000eab00000)
  object space 97280K, 96% used [0x00000000c0000000,0x00000000c5b61b38,0x00000000c5f00000)
 Metaspace       used 66564K, committed 67648K, reserved 1114112K
  class space    used 6975K, committed 7424K, reserved 1048576K
}
Event: 51.033 GC heap after
{Heap after GC invocations=44 (full 4):
 PSYoungGen      total 12800K, used 1292K [0x00000000eab00000, 0x00000000ebc80000, 0x0000000100000000)
  eden space 11264K, 0% used [0x00000000eab00000,0x00000000eab00000,0x00000000eb600000)
  from space 1536K, 84% used [0x00000000eb980000,0x00000000ebac3008,0x00000000ebb00000)
  to   space 1536K, 0% used [0x00000000ebb00000,0x00000000ebb00000,0x00000000ebc80000)
 ParOldGen       total 97280K, used 94854K [0x00000000c0000000, 0x00000000c5f00000, 0x00000000eab00000)
  object space 97280K, 97% used [0x00000000c0000000,0x00000000c5ca18f8,0x00000000c5f00000)
 Metaspace       used 66564K, committed 67648K, reserved 1114112K
  class space    used 6975K, committed 7424K, reserved 1048576K
}
Event: 52.206 GC heap before
{Heap before GC invocations=45 (full 4):
 PSYoungGen      total 12800K, used 12556K [0x00000000eab00000, 0x00000000ebc80000, 0x0000000100000000)
  eden space 11264K, 100% used [0x00000000eab00000,0x00000000eb600000,0x00000000eb600000)
  from space 1536K, 84% used [0x00000000eb980000,0x00000000ebac3008,0x00000000ebb00000)
  to   space 1536K, 0% used [0x00000000ebb00000,0x00000000ebb00000,0x00000000ebc80000)
 ParOldGen       total 97280K, used 94860K [0x00000000c0000000, 0x00000000c5f00000, 0x00000000eab00000)
  object space 97280K, 97% used [0x00000000c0000000,0x00000000c5ca31f0,0x00000000c5f00000)
 Metaspace       used 66774K, committed 67904K, reserved 1114112K
  class space    used 7017K, committed 7488K, reserved 1048576K
}
Event: 52.210 GC heap after
{Heap after GC invocations=45 (full 4):
 PSYoungGen      total 12800K, used 1508K [0x00000000eab00000, 0x00000000ebc80000, 0x0000000100000000)
  eden space 11264K, 0% used [0x00000000eab00000,0x00000000eab00000,0x00000000eb600000)
  from space 1536K, 98% used [0x00000000ebb00000,0x00000000ebc79010,0x00000000ebc80000)
  to   space 2048K, 0% used [0x00000000eb880000,0x00000000eb880000,0x00000000eba80000)
 ParOldGen       total 97280K, used 95244K [0x00000000c0000000, 0x00000000c5f00000, 0x00000000eab00000)
  object space 97280K, 97% used [0x00000000c0000000,0x00000000c5d031f0,0x00000000c5f00000)
 Metaspace       used 66774K, committed 67904K, reserved 1114112K
  class space    used 7017K, committed 7488K, reserved 1048576K
}
Event: 52.690 GC heap before
{Heap before GC invocations=46 (full 4):
 PSYoungGen      total 12800K, used 12772K [0x00000000eab00000, 0x00000000ebc80000, 0x0000000100000000)
  eden space 11264K, 100% used [0x00000000eab00000,0x00000000eb600000,0x00000000eb600000)
  from space 1536K, 98% used [0x00000000ebb00000,0x00000000ebc79010,0x00000000ebc80000)
  to   space 2048K, 0% used [0x00000000eb880000,0x00000000eb880000,0x00000000eba80000)
 ParOldGen       total 97280K, used 95244K [0x00000000c0000000, 0x00000000c5f00000, 0x00000000eab00000)
  object space 97280K, 97% used [0x00000000c0000000,0x00000000c5d031f0,0x00000000c5f00000)
 Metaspace       used 66787K, committed 67968K, reserved 1114112K
  class space    used 7017K, committed 7488K, reserved 1048576K
}
Event: 52.694 GC heap after
{Heap after GC invocations=46 (full 4):
 PSYoungGen      total 13312K, used 1575K [0x00000000eab00000, 0x00000000ebb80000, 0x0000000100000000)
  eden space 11264K, 0% used [0x00000000eab00000,0x00000000eab00000,0x00000000eb600000)
  from space 2048K, 76% used [0x00000000eb880000,0x00000000eba09c20,0x00000000eba80000)
  to   space 1024K, 0% used [0x00000000eba80000,0x00000000eba80000,0x00000000ebb80000)
 ParOldGen       total 97280K, used 96307K [0x00000000c0000000, 0x00000000c5f00000, 0x00000000eab00000)
  object space 97280K, 99% used [0x00000000c0000000,0x00000000c5e0cef0,0x00000000c5f00000)
 Metaspace       used 66787K, committed 67968K, reserved 1114112K
  class space    used 7017K, committed 7488K, reserved 1048576K
}
Event: 52.694 GC heap before
{Heap before GC invocations=47 (full 5):
 PSYoungGen      total 13312K, used 1575K [0x00000000eab00000, 0x00000000ebb80000, 0x0000000100000000)
  eden space 11264K, 0% used [0x00000000eab00000,0x00000000eab00000,0x00000000eb600000)
  from space 2048K, 76% used [0x00000000eb880000,0x00000000eba09c20,0x00000000eba80000)
  to   space 1024K, 0% used [0x00000000eba80000,0x00000000eba80000,0x00000000ebb80000)
 ParOldGen       total 97280K, used 96307K [0x00000000c0000000, 0x00000000c5f00000, 0x00000000eab00000)
  object space 97280K, 99% used [0x00000000c0000000,0x00000000c5e0cef0,0x00000000c5f00000)
 Metaspace       used 66787K, committed 67968K, reserved 1114112K
  class space    used 7017K, committed 7488K, reserved 1048576K
}
Event: 52.930 GC heap after
{Heap after GC invocations=47 (full 5):
 PSYoungGen      total 11776K, used 0K [0x00000000eab00000, 0x00000000ebb00000, 0x0000000100000000)
  eden space 11264K, 0% used [0x00000000eab00000,0x00000000eab00000,0x00000000eb600000)
  from space 512K, 0% used [0x00000000eba80000,0x00000000eba80000,0x00000000ebb00000)
  to   space 2048K, 0% used [0x00000000eb700000,0x00000000eb700000,0x00000000eb900000)
 ParOldGen       total 105984K, used 79992K [0x00000000c0000000, 0x00000000c6780000, 0x00000000eab00000)
  object space 105984K, 75% used [0x00000000c0000000,0x00000000c4e1e148,0x00000000c6780000)
 Metaspace       used 66787K, committed 67968K, reserved 1114112K
  class space    used 7017K, committed 7488K, reserved 1048576K
}
Event: 53.111 GC heap before
{Heap before GC invocations=48 (full 5):
 PSYoungGen      total 11776K, used 11264K [0x00000000eab00000, 0x00000000ebb00000, 0x0000000100000000)
  eden space 11264K, 100% used [0x00000000eab00000,0x00000000eb600000,0x00000000eb600000)
  from space 512K, 0% used [0x00000000eba80000,0x00000000eba80000,0x00000000ebb00000)
  to   space 2048K, 0% used [0x00000000eb700000,0x00000000eb700000,0x00000000eb900000)
 ParOldGen       total 105984K, used 79992K [0x00000000c0000000, 0x00000000c6780000, 0x00000000eab00000)
  object space 105984K, 75% used [0x00000000c0000000,0x00000000c4e1e148,0x00000000c6780000)
 Metaspace       used 66794K, committed 67968K, reserved 1114112K
  class space    used 7019K, committed 7488K, reserved 1048576K
}
Event: 53.115 GC heap after
{Heap after GC invocations=48 (full 5):
 PSYoungGen      total 13312K, used 2044K [0x00000000eab00000, 0x00000000ebb00000, 0x0000000100000000)
  eden space 11264K, 0% used [0x00000000eab00000,0x00000000eab00000,0x00000000eb600000)
  from space 2048K, 99% used [0x00000000eb700000,0x00000000eb8ff0e8,0x00000000eb900000)
  to   space 2048K, 0% used [0x00000000eb900000,0x00000000eb900000,0x00000000ebb00000)
 ParOldGen       total 105984K, used 80317K [0x00000000c0000000, 0x00000000c6780000, 0x00000000eab00000)
  object space 105984K, 75% used [0x00000000c0000000,0x00000000c4e6f610,0x00000000c6780000)
 Metaspace       used 66794K, committed 67968K, reserved 1114112K
  class space    used 7019K, committed 7488K, reserved 1048576K
}
Event: 53.438 GC heap before
{Heap before GC invocations=49 (full 5):
 PSYoungGen      total 13312K, used 13308K [0x00000000eab00000, 0x00000000ebb00000, 0x0000000100000000)
  eden space 11264K, 100% used [0x00000000eab00000,0x00000000eb600000,0x00000000eb600000)
  from space 2048K, 99% used [0x00000000eb700000,0x00000000eb8ff0e8,0x00000000eb900000)
  to   space 2048K, 0% used [0x00000000eb900000,0x00000000eb900000,0x00000000ebb00000)
 ParOldGen       total 105984K, used 80317K [0x00000000c0000000, 0x00000000c6780000, 0x00000000eab00000)
  object space 105984K, 75% used [0x00000000c0000000,0x00000000c4e6f610,0x00000000c6780000)
 Metaspace       used 66797K, committed 67968K, reserved 1114112K
  class space    used 7019K, committed 7488K, reserved 1048576K
}
Event: 53.442 GC heap after
{Heap after GC invocations=49 (full 5):
 PSYoungGen      total 12288K, used 736K [0x00000000eab00000, 0x00000000eba00000, 0x0000000100000000)
  eden space 11264K, 0% used [0x00000000eab00000,0x00000000eab00000,0x00000000eb600000)
  from space 1024K, 71% used [0x00000000eb900000,0x00000000eb9b8000,0x00000000eba00000)
  to   space 1536K, 0% used [0x00000000eb700000,0x00000000eb700000,0x00000000eb880000)
 ParOldGen       total 105984K, used 82337K [0x00000000c0000000, 0x00000000c6780000, 0x00000000eab00000)
  object space 105984K, 77% used [0x00000000c0000000,0x00000000c50686f8,0x00000000c6780000)
 Metaspace       used 66797K, committed 67968K, reserved 1114112K
  class space    used 7019K, committed 7488K, reserved 1048576K
}
Event: 53.618 GC heap before
{Heap before GC invocations=50 (full 5):
 PSYoungGen      total 12288K, used 12000K [0x00000000eab00000, 0x00000000eba00000, 0x0000000100000000)
  eden space 11264K, 100% used [0x00000000eab00000,0x00000000eb600000,0x00000000eb600000)
  from space 1024K, 71% used [0x00000000eb900000,0x00000000eb9b8000,0x00000000eba00000)
  to   space 1536K, 0% used [0x00000000eb700000,0x00000000eb700000,0x00000000eb880000)
 ParOldGen       total 105984K, used 82337K [0x00000000c0000000, 0x00000000c6780000, 0x00000000eab00000)
  object space 105984K, 77% used [0x00000000c0000000,0x00000000c50686f8,0x00000000c6780000)
 Metaspace       used 66797K, committed 67968K, reserved 1114112K
  class space    used 7019K, committed 7488K, reserved 1048576K
}
Event: 53.622 GC heap after
{Heap after GC invocations=50 (full 5):
 PSYoungGen      total 12800K, used 1344K [0x00000000eab00000, 0x00000000eb980000, 0x0000000100000000)
  eden space 11264K, 0% used [0x00000000eab00000,0x00000000eab00000,0x00000000eb600000)
  from space 1536K, 87% used [0x00000000eb700000,0x00000000eb850000,0x00000000eb880000)
  to   space 1024K, 0% used [0x00000000eb880000,0x00000000eb880000,0x00000000eb980000)
 ParOldGen       total 105984K, used 82337K [0x00000000c0000000, 0x00000000c6780000, 0x00000000eab00000)
  object space 105984K, 77% used [0x00000000c0000000,0x00000000c50686f8,0x00000000c6780000)
 Metaspace       used 66797K, committed 67968K, reserved 1114112K
  class space    used 7019K, committed 7488K, reserved 1048576K
}

